Started by user [8mha:////4Bv0LtITh4irOjVbI1A4j/mw7J7cTSXyWNK2H/NSBjOIAAAAnR+LCAAAAAAAAP9b85aBtbiIQTGjNKU4P08vOT+vOD8nVc83PyU1x6OyILUoJzMv2y+/JJUBAhiZGBgqihhk0NSjKDWzXb3RdlLBUSYGJk8GtpzUvPSSDB8G5tKinBIGIZ+sxLJE/ZzEvHT94JKizLx0a6BxUmjGOUNodHsLgAzxEgZB/dLi1CL93Mzs1MyyxOKM7EQAdD1Lo8YAAAA=[0mИвашко Михаил Вадимович
Running as SYSTEM
Building on master in workspace C:\WINDOWS\system32\config\systemprofile\AppData\Local\Jenkins\.jenkins\workspace\WebDriver
The recommended git tool is: NONE
No credentials specified
 > C:\Program Files\Git\cmd\git.exe rev-parse --is-inside-work-tree # timeout=10
Fetching changes from the remote Git repository
 > C:\Program Files\Git\cmd\git.exe config remote.origin.url https://github.com/mikeivashka/EPM_TAT # timeout=10
Fetching upstream changes from https://github.com/mikeivashka/EPM_TAT
 > C:\Program Files\Git\cmd\git.exe --version # timeout=10
 > git --version # 'git version 2.29.2.windows.1'
 > C:\Program Files\Git\cmd\git.exe fetch --tags --force --progress -- https://github.com/mikeivashka/EPM_TAT +refs/heads/*:refs/remotes/origin/* # timeout=10
 > C:\Program Files\Git\cmd\git.exe rev-parse "refs/remotes/origin/master^{commit}" # timeout=10
Checking out Revision d5771b02ca29686316709ba3e96699993cb5a437 (refs/remotes/origin/master)
 > C:\Program Files\Git\cmd\git.exe config core.sparsecheckout # timeout=10
 > C:\Program Files\Git\cmd\git.exe checkout -f d5771b02ca29686316709ba3e96699993cb5a437 # timeout=10
Commit message: "Target JDK changed to 11"
 > C:\Program Files\Git\cmd\git.exe rev-list --no-walk d5771b02ca29686316709ba3e96699993cb5a437 # timeout=10
[WebDriver] $ cmd.exe /C '""C:\Program Files\Java\apache-maven-3.6.3\bin\mvn.cmd"' test && exit %%ERRORLEVEL%%"
[INFO] Scanning for projects...
[INFO] ------------------------------------------------------------------------
[INFO] BUILD FAILURE
[INFO] ------------------------------------------------------------------------
[INFO] Total time:  0.082 s
[INFO] Finished at: 2020-12-04T12:56:47+03:00
[INFO] ------------------------------------------------------------------------
[8mha:////4PjxsQyqk3CDDzFFM/wecMmusGnEQuTxtsGuXLEOH7dAAAAAYB+LCAAAAAAAAP9b85aBtbiIQSmjNKU4P0+vJLE4u1gvPjexLDVPzxdEuhYV5Rf55ZekOlc7RKnPKH7IxMBQUcQgBdWQnJ9XnJ+TqucMoUEKGSCAEaSwAACsNFCqYAAAAA==[0m[ERROR] The goal you specified requires a project to execute but there is no POM in this directory (C:\Windows\System32\config\systemprofile\AppData\Local\Jenkins\.jenkins\workspace\WebDriver). Please verify you invoked Maven from the correct directory. -> [Help 1]
[8mha:////4PjxsQyqk3CDDzFFM/wecMmusGnEQuTxtsGuXLEOH7dAAAAAYB+LCAAAAAAAAP9b85aBtbiIQSmjNKU4P0+vJLE4u1gvPjexLDVPzxdEuhYV5Rf55ZekOlc7RKnPKH7IxMBQUcQgBdWQnJ9XnJ+TqucMoUEKGSCAEaSwAACsNFCqYAAAAA==[0m[ERROR] 
[8mha:////4PjxsQyqk3CDDzFFM/wecMmusGnEQuTxtsGuXLEOH7dAAAAAYB+LCAAAAAAAAP9b85aBtbiIQSmjNKU4P0+vJLE4u1gvPjexLDVPzxdEuhYV5Rf55ZekOlc7RKnPKH7IxMBQUcQgBdWQnJ9XnJ+TqucMoUEKGSCAEaSwAACsNFCqYAAAAA==[0m[ERROR] To see the full stack trace of the errors, re-run Maven with the -e switch.
[8mha:////4PjxsQyqk3CDDzFFM/wecMmusGnEQuTxtsGuXLEOH7dAAAAAYB+LCAAAAAAAAP9b85aBtbiIQSmjNKU4P0+vJLE4u1gvPjexLDVPzxdEuhYV5Rf55ZekOlc7RKnPKH7IxMBQUcQgBdWQnJ9XnJ+TqucMoUEKGSCAEaSwAACsNFCqYAAAAA==[0m[ERROR] Re-run Maven using the -X switch to enable full debug logging.
[8mha:////4PjxsQyqk3CDDzFFM/wecMmusGnEQuTxtsGuXLEOH7dAAAAAYB+LCAAAAAAAAP9b85aBtbiIQSmjNKU4P0+vJLE4u1gvPjexLDVPzxdEuhYV5Rf55ZekOlc7RKnPKH7IxMBQUcQgBdWQnJ9XnJ+TqucMoUEKGSCAEaSwAACsNFCqYAAAAA==[0m[ERROR] 
[8mha:////4PjxsQyqk3CDDzFFM/wecMmusGnEQuTxtsGuXLEOH7dAAAAAYB+LCAAAAAAAAP9b85aBtbiIQSmjNKU4P0+vJLE4u1gvPjexLDVPzxdEuhYV5Rf55ZekOlc7RKnPKH7IxMBQUcQgBdWQnJ9XnJ+TqucMoUEKGSCAEaSwAACsNFCqYAAAAA==[0m[ERROR] For more information about the errors and possible solutions, please read the following articles:
[8mha:////4PjxsQyqk3CDDzFFM/wecMmusGnEQuTxtsGuXLEOH7dAAAAAYB+LCAAAAAAAAP9b85aBtbiIQSmjNKU4P0+vJLE4u1gvPjexLDVPzxdEuhYV5Rf55ZekOlc7RKnPKH7IxMBQUcQgBdWQnJ9XnJ+TqucMoUEKGSCAEaSwAACsNFCqYAAAAA==[0m[ERROR] [Help 1] http://cwiki.apache.org/confluence/display/MAVEN/MissingProjectException
Build step 'Вызвать цели Maven верхнего уровня  ' marked build as failure
Finished: FAILURE
