Started by user [8mha:////4Bv0LtITh4irOjVbI1A4j/mw7J7cTSXyWNK2H/NSBjOIAAAAnR+LCAAAAAAAAP9b85aBtbiIQTGjNKU4P08vOT+vOD8nVc83PyU1x6OyILUoJzMv2y+/JJUBAhiZGBgqihhk0NSjKDWzXb3RdlLBUSYGJk8GtpzUvPSSDB8G5tKinBIGIZ+sxLJE/ZzEvHT94JKizLx0a6BxUmjGOUNodHsLgAzxEgZB/dLi1CL93Mzs1MyyxOKM7EQAdD1Lo8YAAAA=[0mИвашко Михаил Вадимович
Running as SYSTEM
Building on master in workspace C:\WINDOWS\system32\config\systemprofile\AppData\Local\Jenkins\.jenkins\workspace\WebDriver
The recommended git tool is: NONE
No credentials specified
 > C:\Program Files\Git\cmd\git.exe rev-parse --is-inside-work-tree # timeout=10
Fetching changes from the remote Git repository
 > C:\Program Files\Git\cmd\git.exe config remote.origin.url https://github.com/mikeivashka/EPM_TAT # timeout=10
Fetching upstream changes from https://github.com/mikeivashka/EPM_TAT
 > C:\Program Files\Git\cmd\git.exe --version # timeout=10
 > git --version # 'git version 2.29.2.windows.1'
 > C:\Program Files\Git\cmd\git.exe fetch --tags --force --progress -- https://github.com/mikeivashka/EPM_TAT +refs/heads/*:refs/remotes/origin/* # timeout=10
 > C:\Program Files\Git\cmd\git.exe rev-parse "refs/remotes/origin/master^{commit}" # timeout=10
Checking out Revision 94df33d9187dc150130f7d29dd4a31f549fa41db (refs/remotes/origin/master)
 > C:\Program Files\Git\cmd\git.exe config core.sparsecheckout # timeout=10
 > C:\Program Files\Git\cmd\git.exe checkout -f 94df33d9187dc150130f7d29dd4a31f549fa41db # timeout=10
Commit message: "Target JDK changed to 8"
 > C:\Program Files\Git\cmd\git.exe rev-list --no-walk a854ab46878524f6f17bc70c71fc2446bb1a48d7 # timeout=10
[WebDriver] $ cmd.exe /C '""C:\Program Files\Java\apache-maven-3.6.3\bin\mvn.cmd"' -f 7.WebDriver/pom.xml -D-Dcobertura.report.format=xml cobertura:cobertura && exit %%ERRORLEVEL%%"
[INFO] Scanning for projects...
[8mha:////4H87Z951OLc7G7r4IFtRFcGx4WLjA4ytOZehfd/klW9yAAAAYx+LCAAAAAAAAP9b85aBtbiIQSWjNKU4P0+vJLE4u1gvPjexLDVPzxdEhicW5WXmpfvll6S2fNly5fzGzauYGBgqihikoFqS8/OK83NS9ZwhNEghAwQwghQWAACwxA+XYgAAAA==[0m[WARNING] 
[8mha:////4H87Z951OLc7G7r4IFtRFcGx4WLjA4ytOZehfd/klW9yAAAAYx+LCAAAAAAAAP9b85aBtbiIQSWjNKU4P0+vJLE4u1gvPjexLDVPzxdEhicW5WXmpfvll6S2fNly5fzGzauYGBgqihikoFqS8/OK83NS9ZwhNEghAwQwghQWAACwxA+XYgAAAA==[0m[WARNING] Some problems were encountered while building the effective model for by.epam:webdriver:jar:1.0-SNAPSHOT
[8mha:////4H87Z951OLc7G7r4IFtRFcGx4WLjA4ytOZehfd/klW9yAAAAYx+LCAAAAAAAAP9b85aBtbiIQSWjNKU4P0+vJLE4u1gvPjexLDVPzxdEhicW5WXmpfvll6S2fNly5fzGzauYGBgqihikoFqS8/OK83NS9ZwhNEghAwQwghQWAACwxA+XYgAAAA==[0m[WARNING] 'dependencies.dependency.version' for org.projectlombok:lombok:jar is either LATEST or RELEASE (both of them are being deprecated) @ line 36, column 22
[8mha:////4H87Z951OLc7G7r4IFtRFcGx4WLjA4ytOZehfd/klW9yAAAAYx+LCAAAAAAAAP9b85aBtbiIQSWjNKU4P0+vJLE4u1gvPjexLDVPzxdEhicW5WXmpfvll6S2fNly5fzGzauYGBgqihikoFqS8/OK83NS9ZwhNEghAwQwghQWAACwxA+XYgAAAA==[0m[WARNING] 
[8mha:////4H87Z951OLc7G7r4IFtRFcGx4WLjA4ytOZehfd/klW9yAAAAYx+LCAAAAAAAAP9b85aBtbiIQSWjNKU4P0+vJLE4u1gvPjexLDVPzxdEhicW5WXmpfvll6S2fNly5fzGzauYGBgqihikoFqS8/OK83NS9ZwhNEghAwQwghQWAACwxA+XYgAAAA==[0m[WARNING] It is highly recommended to fix these problems because they threaten the stability of your build.
[8mha:////4H87Z951OLc7G7r4IFtRFcGx4WLjA4ytOZehfd/klW9yAAAAYx+LCAAAAAAAAP9b85aBtbiIQSWjNKU4P0+vJLE4u1gvPjexLDVPzxdEhicW5WXmpfvll6S2fNly5fzGzauYGBgqihikoFqS8/OK83NS9ZwhNEghAwQwghQWAACwxA+XYgAAAA==[0m[WARNING] 
[8mha:////4H87Z951OLc7G7r4IFtRFcGx4WLjA4ytOZehfd/klW9yAAAAYx+LCAAAAAAAAP9b85aBtbiIQSWjNKU4P0+vJLE4u1gvPjexLDVPzxdEhicW5WXmpfvll6S2fNly5fzGzauYGBgqihikoFqS8/OK83NS9ZwhNEghAwQwghQWAACwxA+XYgAAAA==[0m[WARNING] For this reason, future Maven versions might no longer support building such malformed projects.
[8mha:////4H87Z951OLc7G7r4IFtRFcGx4WLjA4ytOZehfd/klW9yAAAAYx+LCAAAAAAAAP9b85aBtbiIQSWjNKU4P0+vJLE4u1gvPjexLDVPzxdEhicW5WXmpfvll6S2fNly5fzGzauYGBgqihikoFqS8/OK83NS9ZwhNEghAwQwghQWAACwxA+XYgAAAA==[0m[WARNING] 
[INFO] 
[INFO] -------------------------< by.epam:webdriver >--------------------------
[INFO] Building webdriver 1.0-SNAPSHOT
[INFO] --------------------------------[ jar ]---------------------------------
[INFO] 
[INFO] >>> cobertura-maven-plugin:2.7:cobertura (default-cli) > [cobertura]test @ webdriver >>>
[INFO] 
[8mha:////4HSEAJsBbWgqF1gmk3RwWOpE83nEG0IluiTUZiWyLqSVAAAAYB+LCAAAAAAAAP9b85aBtbiIQSmjNKU4P0+vJLE4u1gvPjexLDVPzxdEGvvmZ+X75ZekLlOVfvTjc8FPJgaGiiIGKaiG5Py84vycVD1nCA1SyAABjCCFBQCV27OjYAAAAA==[0m[INFO] --- maven-resources-plugin:2.6:resources (default-resources) @ webdriver ---
[8mha:////4H87Z951OLc7G7r4IFtRFcGx4WLjA4ytOZehfd/klW9yAAAAYx+LCAAAAAAAAP9b85aBtbiIQSWjNKU4P0+vJLE4u1gvPjexLDVPzxdEhicW5WXmpfvll6S2fNly5fzGzauYGBgqihikoFqS8/OK83NS9ZwhNEghAwQwghQWAACwxA+XYgAAAA==[0m[WARNING] Using platform encoding (Cp1251 actually) to copy filtered resources, i.e. build is platform dependent!
[INFO] skip non existing resourceDirectory C:\Windows\System32\config\systemprofile\AppData\Local\Jenkins\.jenkins\workspace\WebDriver\7.WebDriver\src\main\resources
[INFO] 
[8mha:////4HSEAJsBbWgqF1gmk3RwWOpE83nEG0IluiTUZiWyLqSVAAAAYB+LCAAAAAAAAP9b85aBtbiIQSmjNKU4P0+vJLE4u1gvPjexLDVPzxdEGvvmZ+X75ZekLlOVfvTjc8FPJgaGiiIGKaiG5Py84vycVD1nCA1SyAABjCCFBQCV27OjYAAAAA==[0m[INFO] --- maven-compiler-plugin:3.1:compile (default-compile) @ webdriver ---
[INFO] No sources to compile
[INFO] 
[8mha:////4HSEAJsBbWgqF1gmk3RwWOpE83nEG0IluiTUZiWyLqSVAAAAYB+LCAAAAAAAAP9b85aBtbiIQSmjNKU4P0+vJLE4u1gvPjexLDVPzxdEGvvmZ+X75ZekLlOVfvTjc8FPJgaGiiIGKaiG5Py84vycVD1nCA1SyAABjCCFBQCV27OjYAAAAA==[0m[INFO] --- cobertura-maven-plugin:2.7:instrument (default-cli) @ webdriver ---
[8mha:////4H87Z951OLc7G7r4IFtRFcGx4WLjA4ytOZehfd/klW9yAAAAYx+LCAAAAAAAAP9b85aBtbiIQSWjNKU4P0+vJLE4u1gvPjexLDVPzxdEhicW5WXmpfvll6S2fNly5fzGzauYGBgqihikoFqS8/OK83NS9ZwhNEghAwQwghQWAACwxA+XYgAAAA==[0m[WARNING] No files to instrument.
[INFO] NOT adding cobertura ser file to attached artifacts list.
[INFO] 
[8mha:////4HSEAJsBbWgqF1gmk3RwWOpE83nEG0IluiTUZiWyLqSVAAAAYB+LCAAAAAAAAP9b85aBtbiIQSmjNKU4P0+vJLE4u1gvPjexLDVPzxdEGvvmZ+X75ZekLlOVfvTjc8FPJgaGiiIGKaiG5Py84vycVD1nCA1SyAABjCCFBQCV27OjYAAAAA==[0m[INFO] --- maven-resources-plugin:2.6:testResources (default-testResources) @ webdriver ---
[8mha:////4H87Z951OLc7G7r4IFtRFcGx4WLjA4ytOZehfd/klW9yAAAAYx+LCAAAAAAAAP9b85aBtbiIQSWjNKU4P0+vJLE4u1gvPjexLDVPzxdEhicW5WXmpfvll6S2fNly5fzGzauYGBgqihikoFqS8/OK83NS9ZwhNEghAwQwghQWAACwxA+XYgAAAA==[0m[WARNING] Using platform encoding (Cp1251 actually) to copy filtered resources, i.e. build is platform dependent!
[INFO] skip non existing resourceDirectory C:\Windows\System32\config\systemprofile\AppData\Local\Jenkins\.jenkins\workspace\WebDriver\7.WebDriver\src\test\resources
[INFO] 
[8mha:////4HSEAJsBbWgqF1gmk3RwWOpE83nEG0IluiTUZiWyLqSVAAAAYB+LCAAAAAAAAP9b85aBtbiIQSmjNKU4P0+vJLE4u1gvPjexLDVPzxdEGvvmZ+X75ZekLlOVfvTjc8FPJgaGiiIGKaiG5Py84vycVD1nCA1SyAABjCCFBQCV27OjYAAAAA==[0m[INFO] --- maven-compiler-plugin:3.1:testCompile (default-testCompile) @ webdriver ---
[INFO] Changes detected - recompiling the module!
[8mha:////4H87Z951OLc7G7r4IFtRFcGx4WLjA4ytOZehfd/klW9yAAAAYx+LCAAAAAAAAP9b85aBtbiIQSWjNKU4P0+vJLE4u1gvPjexLDVPzxdEhicW5WXmpfvll6S2fNly5fzGzauYGBgqihikoFqS8/OK83NS9ZwhNEghAwQwghQWAACwxA+XYgAAAA==[0m[WARNING] File encoding has not been set, using platform encoding Cp1251, i.e. build is platform dependent!
[INFO] Compiling 1 source file to C:\Windows\System32\config\systemprofile\AppData\Local\Jenkins\.jenkins\workspace\WebDriver\7.WebDriver\target\test-classes
[INFO] -------------------------------------------------------------
[8mha:////4PjxsQyqk3CDDzFFM/wecMmusGnEQuTxtsGuXLEOH7dAAAAAYB+LCAAAAAAAAP9b85aBtbiIQSmjNKU4P0+vJLE4u1gvPjexLDVPzxdEuhYV5Rf55ZekOlc7RKnPKH7IxMBQUcQgBdWQnJ9XnJ+TqucMoUEKGSCAEaSwAACsNFCqYAAAAA==[0m[ERROR] COMPILATION ERROR : 
[INFO] -------------------------------------------------------------
[8mha:////4PjxsQyqk3CDDzFFM/wecMmusGnEQuTxtsGuXLEOH7dAAAAAYB+LCAAAAAAAAP9b85aBtbiIQSmjNKU4P0+vJLE4u1gvPjexLDVPzxdEuhYV5Rf55ZekOlc7RKnPKH7IxMBQUcQgBdWQnJ9XnJ+TqucMoUEKGSCAEaSwAACsNFCqYAAAAA==[0m[ERROR] /C:/Windows/System32/config/systemprofile/AppData/Local/Jenkins/.jenkins/workspace/WebDriver/7.WebDriver/src/test/java/by/epam/decluttr/MultipleCartAdditionTest.java:[55,25] cannot find symbol
  symbol:   method transform((s)->s.rep[...] - 3))
  location: class java.lang.String
[INFO] 1 error
[INFO] -------------------------------------------------------------
[INFO] ------------------------------------------------------------------------
[INFO] BUILD FAILURE
[INFO] ------------------------------------------------------------------------
[INFO] Total time:  9.504 s
[INFO] Finished at: 2020-12-04T12:46:41+03:00
[INFO] ------------------------------------------------------------------------
[8mha:////4PjxsQyqk3CDDzFFM/wecMmusGnEQuTxtsGuXLEOH7dAAAAAYB+LCAAAAAAAAP9b85aBtbiIQSmjNKU4P0+vJLE4u1gvPjexLDVPzxdEuhYV5Rf55ZekOlc7RKnPKH7IxMBQUcQgBdWQnJ9XnJ+TqucMoUEKGSCAEaSwAACsNFCqYAAAAA==[0m[ERROR] Failed to execute goal org.apache.maven.plugins:maven-compiler-plugin:3.1:testCompile (default-testCompile) on project webdriver: Compilation failure
[8mha:////4PjxsQyqk3CDDzFFM/wecMmusGnEQuTxtsGuXLEOH7dAAAAAYB+LCAAAAAAAAP9b85aBtbiIQSmjNKU4P0+vJLE4u1gvPjexLDVPzxdEuhYV5Rf55ZekOlc7RKnPKH7IxMBQUcQgBdWQnJ9XnJ+TqucMoUEKGSCAEaSwAACsNFCqYAAAAA==[0m[ERROR] /C:/Windows/System32/config/systemprofile/AppData/Local/Jenkins/.jenkins/workspace/WebDriver/7.WebDriver/src/test/java/by/epam/decluttr/MultipleCartAdditionTest.java:[55,25] cannot find symbol
[8mha:////4PjxsQyqk3CDDzFFM/wecMmusGnEQuTxtsGuXLEOH7dAAAAAYB+LCAAAAAAAAP9b85aBtbiIQSmjNKU4P0+vJLE4u1gvPjexLDVPzxdEuhYV5Rf55ZekOlc7RKnPKH7IxMBQUcQgBdWQnJ9XnJ+TqucMoUEKGSCAEaSwAACsNFCqYAAAAA==[0m[ERROR]   symbol:   method transform((s)->s.rep[...] - 3))
[8mha:////4PjxsQyqk3CDDzFFM/wecMmusGnEQuTxtsGuXLEOH7dAAAAAYB+LCAAAAAAAAP9b85aBtbiIQSmjNKU4P0+vJLE4u1gvPjexLDVPzxdEuhYV5Rf55ZekOlc7RKnPKH7IxMBQUcQgBdWQnJ9XnJ+TqucMoUEKGSCAEaSwAACsNFCqYAAAAA==[0m[ERROR]   location: class java.lang.String
[8mha:////4PjxsQyqk3CDDzFFM/wecMmusGnEQuTxtsGuXLEOH7dAAAAAYB+LCAAAAAAAAP9b85aBtbiIQSmjNKU4P0+vJLE4u1gvPjexLDVPzxdEuhYV5Rf55ZekOlc7RKnPKH7IxMBQUcQgBdWQnJ9XnJ+TqucMoUEKGSCAEaSwAACsNFCqYAAAAA==[0m[ERROR] 
[8mha:////4PjxsQyqk3CDDzFFM/wecMmusGnEQuTxtsGuXLEOH7dAAAAAYB+LCAAAAAAAAP9b85aBtbiIQSmjNKU4P0+vJLE4u1gvPjexLDVPzxdEuhYV5Rf55ZekOlc7RKnPKH7IxMBQUcQgBdWQnJ9XnJ+TqucMoUEKGSCAEaSwAACsNFCqYAAAAA==[0m[ERROR] -> [Help 1]
[8mha:////4PjxsQyqk3CDDzFFM/wecMmusGnEQuTxtsGuXLEOH7dAAAAAYB+LCAAAAAAAAP9b85aBtbiIQSmjNKU4P0+vJLE4u1gvPjexLDVPzxdEuhYV5Rf55ZekOlc7RKnPKH7IxMBQUcQgBdWQnJ9XnJ+TqucMoUEKGSCAEaSwAACsNFCqYAAAAA==[0m[ERROR] 
[8mha:////4PjxsQyqk3CDDzFFM/wecMmusGnEQuTxtsGuXLEOH7dAAAAAYB+LCAAAAAAAAP9b85aBtbiIQSmjNKU4P0+vJLE4u1gvPjexLDVPzxdEuhYV5Rf55ZekOlc7RKnPKH7IxMBQUcQgBdWQnJ9XnJ+TqucMoUEKGSCAEaSwAACsNFCqYAAAAA==[0m[ERROR] To see the full stack trace of the errors, re-run Maven with the -e switch.
[8mha:////4PjxsQyqk3CDDzFFM/wecMmusGnEQuTxtsGuXLEOH7dAAAAAYB+LCAAAAAAAAP9b85aBtbiIQSmjNKU4P0+vJLE4u1gvPjexLDVPzxdEuhYV5Rf55ZekOlc7RKnPKH7IxMBQUcQgBdWQnJ9XnJ+TqucMoUEKGSCAEaSwAACsNFCqYAAAAA==[0m[ERROR] Re-run Maven using the -X switch to enable full debug logging.
[8mha:////4PjxsQyqk3CDDzFFM/wecMmusGnEQuTxtsGuXLEOH7dAAAAAYB+LCAAAAAAAAP9b85aBtbiIQSmjNKU4P0+vJLE4u1gvPjexLDVPzxdEuhYV5Rf55ZekOlc7RKnPKH7IxMBQUcQgBdWQnJ9XnJ+TqucMoUEKGSCAEaSwAACsNFCqYAAAAA==[0m[ERROR] 
[8mha:////4PjxsQyqk3CDDzFFM/wecMmusGnEQuTxtsGuXLEOH7dAAAAAYB+LCAAAAAAAAP9b85aBtbiIQSmjNKU4P0+vJLE4u1gvPjexLDVPzxdEuhYV5Rf55ZekOlc7RKnPKH7IxMBQUcQgBdWQnJ9XnJ+TqucMoUEKGSCAEaSwAACsNFCqYAAAAA==[0m[ERROR] For more information about the errors and possible solutions, please read the following articles:
[8mha:////4PjxsQyqk3CDDzFFM/wecMmusGnEQuTxtsGuXLEOH7dAAAAAYB+LCAAAAAAAAP9b85aBtbiIQSmjNKU4P0+vJLE4u1gvPjexLDVPzxdEuhYV5Rf55ZekOlc7RKnPKH7IxMBQUcQgBdWQnJ9XnJ+TqucMoUEKGSCAEaSwAACsNFCqYAAAAA==[0m[ERROR] [Help 1] http://cwiki.apache.org/confluence/display/MAVEN/MojoFailureException
Build step 'Вызвать цели Maven верхнего уровня  ' marked build as failure
[Cobertura] Publishing Cobertura coverage report...

Finished: FAILURE
