Запущен изменением в SCM
Running as anonymous
Building on master in workspace C:\WINDOWS\system32\config\systemprofile\AppData\Local\Jenkins\.jenkins\workspace\WebDriver
The recommended git tool is: NONE
No credentials specified
 > C:\Program Files\Git\cmd\git.exe rev-parse --is-inside-work-tree # timeout=10
Fetching changes from the remote Git repository
 > C:\Program Files\Git\cmd\git.exe config remote.origin.url https://github.com/mikeivashka/EPM_TAT # timeout=10
Fetching upstream changes from https://github.com/mikeivashka/EPM_TAT
 > C:\Program Files\Git\cmd\git.exe --version # timeout=10
 > git --version # 'git version 2.29.2.windows.1'
 > C:\Program Files\Git\cmd\git.exe fetch --tags --force --progress -- https://github.com/mikeivashka/EPM_TAT +refs/heads/*:refs/remotes/origin/* # timeout=10
 > C:\Program Files\Git\cmd\git.exe rev-parse "refs/remotes/origin/master^{commit}" # timeout=10
Checking out Revision 72353712fba12883147593ebcf10a3b23f83948f (refs/remotes/origin/master)
 > C:\Program Files\Git\cmd\git.exe config core.sparsecheckout # timeout=10
 > C:\Program Files\Git\cmd\git.exe checkout -f 72353712fba12883147593ebcf10a3b23f83948f # timeout=10
Commit message: "[decluttr-4]Test implemented completely and works"
 > C:\Program Files\Git\cmd\git.exe rev-list --no-walk 030a5418c692ecf9ecd69e8d42bad24f324b4bd2 # timeout=10
[WebDriver] $ cmd.exe /C '""C:\Program Files\Java\apache-maven-3.6.3\bin\mvn.cmd"' -f 7.WebDriver/pom.xml "-D-Dwebdriver.chrome.whitelistedIps=""localhost""" test && exit %%ERRORLEVEL%%"
[INFO] Scanning for projects...
[INFO] 
[INFO] -------------------------< by.epam:webdriver >--------------------------
[INFO] Building webdriver 1.0-SNAPSHOT
[INFO] --------------------------------[ jar ]---------------------------------
[INFO] 
[8mha:////4HSEAJsBbWgqF1gmk3RwWOpE83nEG0IluiTUZiWyLqSVAAAAYB+LCAAAAAAAAP9b85aBtbiIQSmjNKU4P0+vJLE4u1gvPjexLDVPzxdEGvvmZ+X75ZekLlOVfvTjc8FPJgaGiiIGKaiG5Py84vycVD1nCA1SyAABjCCFBQCV27OjYAAAAA==[0m[INFO] --- maven-resources-plugin:2.6:resources (default-resources) @ webdriver ---
[8mha:////4H87Z951OLc7G7r4IFtRFcGx4WLjA4ytOZehfd/klW9yAAAAYx+LCAAAAAAAAP9b85aBtbiIQSWjNKU4P0+vJLE4u1gvPjexLDVPzxdEhicW5WXmpfvll6S2fNly5fzGzauYGBgqihikoFqS8/OK83NS9ZwhNEghAwQwghQWAACwxA+XYgAAAA==[0m[WARNING] Using platform encoding (Cp1251 actually) to copy filtered resources, i.e. build is platform dependent!
[INFO] skip non existing resourceDirectory C:\Windows\System32\config\systemprofile\AppData\Local\Jenkins\.jenkins\workspace\WebDriver\7.WebDriver\src\main\resources
[INFO] 
[8mha:////4HSEAJsBbWgqF1gmk3RwWOpE83nEG0IluiTUZiWyLqSVAAAAYB+LCAAAAAAAAP9b85aBtbiIQSmjNKU4P0+vJLE4u1gvPjexLDVPzxdEGvvmZ+X75ZekLlOVfvTjc8FPJgaGiiIGKaiG5Py84vycVD1nCA1SyAABjCCFBQCV27OjYAAAAA==[0m[INFO] --- maven-compiler-plugin:3.1:compile (default-compile) @ webdriver ---
[INFO] No sources to compile
[INFO] 
[8mha:////4HSEAJsBbWgqF1gmk3RwWOpE83nEG0IluiTUZiWyLqSVAAAAYB+LCAAAAAAAAP9b85aBtbiIQSmjNKU4P0+vJLE4u1gvPjexLDVPzxdEGvvmZ+X75ZekLlOVfvTjc8FPJgaGiiIGKaiG5Py84vycVD1nCA1SyAABjCCFBQCV27OjYAAAAA==[0m[INFO] --- maven-resources-plugin:2.6:testResources (default-testResources) @ webdriver ---
[8mha:////4H87Z951OLc7G7r4IFtRFcGx4WLjA4ytOZehfd/klW9yAAAAYx+LCAAAAAAAAP9b85aBtbiIQSWjNKU4P0+vJLE4u1gvPjexLDVPzxdEhicW5WXmpfvll6S2fNly5fzGzauYGBgqihikoFqS8/OK83NS9ZwhNEghAwQwghQWAACwxA+XYgAAAA==[0m[WARNING] Using platform encoding (Cp1251 actually) to copy filtered resources, i.e. build is platform dependent!
[INFO] skip non existing resourceDirectory C:\Windows\System32\config\systemprofile\AppData\Local\Jenkins\.jenkins\workspace\WebDriver\7.WebDriver\src\test\resources
[INFO] 
[8mha:////4HSEAJsBbWgqF1gmk3RwWOpE83nEG0IluiTUZiWyLqSVAAAAYB+LCAAAAAAAAP9b85aBtbiIQSmjNKU4P0+vJLE4u1gvPjexLDVPzxdEGvvmZ+X75ZekLlOVfvTjc8FPJgaGiiIGKaiG5Py84vycVD1nCA1SyAABjCCFBQCV27OjYAAAAA==[0m[INFO] --- maven-compiler-plugin:3.1:testCompile (default-testCompile) @ webdriver ---
[INFO] Changes detected - recompiling the module!
[8mha:////4H87Z951OLc7G7r4IFtRFcGx4WLjA4ytOZehfd/klW9yAAAAYx+LCAAAAAAAAP9b85aBtbiIQSWjNKU4P0+vJLE4u1gvPjexLDVPzxdEhicW5WXmpfvll6S2fNly5fzGzauYGBgqihikoFqS8/OK83NS9ZwhNEghAwQwghQWAACwxA+XYgAAAA==[0m[WARNING] File encoding has not been set, using platform encoding Cp1251, i.e. build is platform dependent!
[INFO] Compiling 1 source file to C:\Windows\System32\config\systemprofile\AppData\Local\Jenkins\.jenkins\workspace\WebDriver\7.WebDriver\target\test-classes
[INFO] 
[8mha:////4HSEAJsBbWgqF1gmk3RwWOpE83nEG0IluiTUZiWyLqSVAAAAYB+LCAAAAAAAAP9b85aBtbiIQSmjNKU4P0+vJLE4u1gvPjexLDVPzxdEGvvmZ+X75ZekLlOVfvTjc8FPJgaGiiIGKaiG5Py84vycVD1nCA1SyAABjCCFBQCV27OjYAAAAA==[0m[INFO] --- maven-surefire-plugin:2.22.2:test (default-test) @ webdriver ---
[INFO] 
[INFO] -------------------------------------------------------
[INFO]  T E S T S
[INFO] -------------------------------------------------------
[INFO] Running by.epam.decluttr.MultipleCartAdditionNotAuthorizedTest
SLF4J: Failed to load class "org.slf4j.impl.StaticLoggerBinder".
SLF4J: Defaulting to no-operation (NOP) logger implementation
SLF4J: See http://www.slf4j.org/codes.html#StaticLoggerBinder for further details.
Starting ChromeDriver 87.0.4280.88 (89e2380a3e36c3464b5dd1302349b1382549290d-refs/branch-heads/4280@{#1761}) on port 13516
Only local connections are allowed.
Please see https://chromedriver.chromium.org/security-considerations for suggestions on keeping ChromeDriver safe.
ChromeDriver was started successfully.
[8mha:////4PjxsQyqk3CDDzFFM/wecMmusGnEQuTxtsGuXLEOH7dAAAAAYB+LCAAAAAAAAP9b85aBtbiIQSmjNKU4P0+vJLE4u1gvPjexLDVPzxdEuhYV5Rf55ZekOlc7RKnPKH7IxMBQUcQgBdWQnJ9XnJ+TqucMoUEKGSCAEaSwAACsNFCqYAAAAA==[0m[ERROR] Tests run: 1, Failures: 0, Errors: 1, Skipped: 0, Time elapsed: 65.192 s <<< FAILURE! - in by.epam.decluttr.MultipleCartAdditionNotAuthorizedTest
[8mha:////4PjxsQyqk3CDDzFFM/wecMmusGnEQuTxtsGuXLEOH7dAAAAAYB+LCAAAAAAAAP9b85aBtbiIQSmjNKU4P0+vJLE4u1gvPjexLDVPzxdEuhYV5Rf55ZekOlc7RKnPKH7IxMBQUcQgBdWQnJ9XnJ+TqucMoUEKGSCAEaSwAACsNFCqYAAAAA==[0m[ERROR] by.epam.decluttr.MultipleCartAdditionNotAuthorizedTest  Time elapsed: 65.188 s  <<< ERROR!
org.openqa.selenium.remote.UnreachableBrowserException: 
Could not start a new session. Possible causes are invalid address of the remote server or browser start-up failure.
Build info: version: '4.0.0-alpha-7', revision: 'de8579b6d5'
System info: host: 'MIKEIVASHKA-LAP', ip: '192.168.100.4', os.name: 'Windows 10', os.arch: 'amd64', os.version: '10.0', java.version: '13.0.2'
Driver info: driver.version: ChromeDriver
	at by.epam.decluttr.MultipleCartAdditionNotAuthorizedTest.setUp(MultipleCartAdditionTest.java:28)
Caused by: java.lang.RuntimeException: NettyHttpHandler request execution error
	at by.epam.decluttr.MultipleCartAdditionNotAuthorizedTest.setUp(MultipleCartAdditionTest.java:28)
Caused by: java.util.concurrent.ExecutionException: java.util.concurrent.TimeoutException: Request timeout to localhost/127.0.0.1:13516 after 60000 ms
	at by.epam.decluttr.MultipleCartAdditionNotAuthorizedTest.setUp(MultipleCartAdditionTest.java:28)
Caused by: java.util.concurrent.TimeoutException: Request timeout to localhost/127.0.0.1:13516 after 60000 ms

[INFO] 
[INFO] Results:
[INFO] 
[8mha:////4PjxsQyqk3CDDzFFM/wecMmusGnEQuTxtsGuXLEOH7dAAAAAYB+LCAAAAAAAAP9b85aBtbiIQSmjNKU4P0+vJLE4u1gvPjexLDVPzxdEuhYV5Rf55ZekOlc7RKnPKH7IxMBQUcQgBdWQnJ9XnJ+TqucMoUEKGSCAEaSwAACsNFCqYAAAAA==[0m[ERROR] Errors: 
[8mha:////4PjxsQyqk3CDDzFFM/wecMmusGnEQuTxtsGuXLEOH7dAAAAAYB+LCAAAAAAAAP9b85aBtbiIQSmjNKU4P0+vJLE4u1gvPjexLDVPzxdEuhYV5Rf55ZekOlc7RKnPKH7IxMBQUcQgBdWQnJ9XnJ+TqucMoUEKGSCAEaSwAACsNFCqYAAAAA==[0m[ERROR]   MultipleCartAdditionNotAuthorizedTest.setUp:28 » UnreachableBrowser Could not ...
[INFO] 
[8mha:////4PjxsQyqk3CDDzFFM/wecMmusGnEQuTxtsGuXLEOH7dAAAAAYB+LCAAAAAAAAP9b85aBtbiIQSmjNKU4P0+vJLE4u1gvPjexLDVPzxdEuhYV5Rf55ZekOlc7RKnPKH7IxMBQUcQgBdWQnJ9XnJ+TqucMoUEKGSCAEaSwAACsNFCqYAAAAA==[0m[ERROR] Tests run: 1, Failures: 0, Errors: 1, Skipped: 0
[INFO] 
[INFO] ------------------------------------------------------------------------
[INFO] BUILD FAILURE
[INFO] ------------------------------------------------------------------------
[INFO] Total time:  01:16 min
[INFO] Finished at: 2020-12-04T21:59:37+03:00
[INFO] ------------------------------------------------------------------------
[8mha:////4PjxsQyqk3CDDzFFM/wecMmusGnEQuTxtsGuXLEOH7dAAAAAYB+LCAAAAAAAAP9b85aBtbiIQSmjNKU4P0+vJLE4u1gvPjexLDVPzxdEuhYV5Rf55ZekOlc7RKnPKH7IxMBQUcQgBdWQnJ9XnJ+TqucMoUEKGSCAEaSwAACsNFCqYAAAAA==[0m[ERROR] Failed to execute goal org.apache.maven.plugins:maven-surefire-plugin:2.22.2:test (default-test) on project webdriver: There are test failures.
[8mha:////4PjxsQyqk3CDDzFFM/wecMmusGnEQuTxtsGuXLEOH7dAAAAAYB+LCAAAAAAAAP9b85aBtbiIQSmjNKU4P0+vJLE4u1gvPjexLDVPzxdEuhYV5Rf55ZekOlc7RKnPKH7IxMBQUcQgBdWQnJ9XnJ+TqucMoUEKGSCAEaSwAACsNFCqYAAAAA==[0m[ERROR] 
[8mha:////4PjxsQyqk3CDDzFFM/wecMmusGnEQuTxtsGuXLEOH7dAAAAAYB+LCAAAAAAAAP9b85aBtbiIQSmjNKU4P0+vJLE4u1gvPjexLDVPzxdEuhYV5Rf55ZekOlc7RKnPKH7IxMBQUcQgBdWQnJ9XnJ+TqucMoUEKGSCAEaSwAACsNFCqYAAAAA==[0m[ERROR] Please refer to C:\Windows\System32\config\systemprofile\AppData\Local\Jenkins\.jenkins\workspace\WebDriver\7.WebDriver\target\surefire-reports for the individual test results.
[8mha:////4PjxsQyqk3CDDzFFM/wecMmusGnEQuTxtsGuXLEOH7dAAAAAYB+LCAAAAAAAAP9b85aBtbiIQSmjNKU4P0+vJLE4u1gvPjexLDVPzxdEuhYV5Rf55ZekOlc7RKnPKH7IxMBQUcQgBdWQnJ9XnJ+TqucMoUEKGSCAEaSwAACsNFCqYAAAAA==[0m[ERROR] Please refer to dump files (if any exist) [date].dump, [date]-jvmRun[N].dump and [date].dumpstream.
[8mha:////4PjxsQyqk3CDDzFFM/wecMmusGnEQuTxtsGuXLEOH7dAAAAAYB+LCAAAAAAAAP9b85aBtbiIQSmjNKU4P0+vJLE4u1gvPjexLDVPzxdEuhYV5Rf55ZekOlc7RKnPKH7IxMBQUcQgBdWQnJ9XnJ+TqucMoUEKGSCAEaSwAACsNFCqYAAAAA==[0m[ERROR] -> [Help 1]
[8mha:////4PjxsQyqk3CDDzFFM/wecMmusGnEQuTxtsGuXLEOH7dAAAAAYB+LCAAAAAAAAP9b85aBtbiIQSmjNKU4P0+vJLE4u1gvPjexLDVPzxdEuhYV5Rf55ZekOlc7RKnPKH7IxMBQUcQgBdWQnJ9XnJ+TqucMoUEKGSCAEaSwAACsNFCqYAAAAA==[0m[ERROR] 
[8mha:////4PjxsQyqk3CDDzFFM/wecMmusGnEQuTxtsGuXLEOH7dAAAAAYB+LCAAAAAAAAP9b85aBtbiIQSmjNKU4P0+vJLE4u1gvPjexLDVPzxdEuhYV5Rf55ZekOlc7RKnPKH7IxMBQUcQgBdWQnJ9XnJ+TqucMoUEKGSCAEaSwAACsNFCqYAAAAA==[0m[ERROR] To see the full stack trace of the errors, re-run Maven with the -e switch.
[8mha:////4PjxsQyqk3CDDzFFM/wecMmusGnEQuTxtsGuXLEOH7dAAAAAYB+LCAAAAAAAAP9b85aBtbiIQSmjNKU4P0+vJLE4u1gvPjexLDVPzxdEuhYV5Rf55ZekOlc7RKnPKH7IxMBQUcQgBdWQnJ9XnJ+TqucMoUEKGSCAEaSwAACsNFCqYAAAAA==[0m[ERROR] Re-run Maven using the -X switch to enable full debug logging.
[8mha:////4PjxsQyqk3CDDzFFM/wecMmusGnEQuTxtsGuXLEOH7dAAAAAYB+LCAAAAAAAAP9b85aBtbiIQSmjNKU4P0+vJLE4u1gvPjexLDVPzxdEuhYV5Rf55ZekOlc7RKnPKH7IxMBQUcQgBdWQnJ9XnJ+TqucMoUEKGSCAEaSwAACsNFCqYAAAAA==[0m[ERROR] 
[8mha:////4PjxsQyqk3CDDzFFM/wecMmusGnEQuTxtsGuXLEOH7dAAAAAYB+LCAAAAAAAAP9b85aBtbiIQSmjNKU4P0+vJLE4u1gvPjexLDVPzxdEuhYV5Rf55ZekOlc7RKnPKH7IxMBQUcQgBdWQnJ9XnJ+TqucMoUEKGSCAEaSwAACsNFCqYAAAAA==[0m[ERROR] For more information about the errors and possible solutions, please read the following articles:
[8mha:////4PjxsQyqk3CDDzFFM/wecMmusGnEQuTxtsGuXLEOH7dAAAAAYB+LCAAAAAAAAP9b85aBtbiIQSmjNKU4P0+vJLE4u1gvPjexLDVPzxdEuhYV5Rf55ZekOlc7RKnPKH7IxMBQUcQgBdWQnJ9XnJ+TqucMoUEKGSCAEaSwAACsNFCqYAAAAA==[0m[ERROR] [Help 1] http://cwiki.apache.org/confluence/display/MAVEN/MojoFailureException
Build step 'Вызвать цели Maven верхнего уровня  ' marked build as failure
Finished: FAILURE
